make all --print-data-base --no-builtin-variables --no-builtin-rules --question
# GNU Make 4.3
# Built for x86_64-pc-linux-gnu
# Copyright (C) 1988-2020 Free Software Foundation, Inc.
# License GPLv3+: GNU GPL version 3 or later <http://gnu.org/licenses/gpl.html>
# This is free software: you are free to change and redistribute it.
# There is NO WARRANTY, to the extent permitted by law.

# Make data base, printed on Sun Jan  2 20:04:23 2022

# Variables

# environment
GDK_BACKEND = x11
# environment
LC_ALL = C
# makefile (from 'makefile', line 5)
SRC := src
# environment
GNOME_SHELL_SESSION_MODE = ubuntu
# environment
SSH_AGENT_LAUNCHER = gnome-keyring
# environment
GJS_DEBUG_OUTPUT = stderr
# environment
VSCODE_IPC_HOOK_EXTHOST = /run/user/1000/vscode-ipc-f5b3ad30-9755-4aa6-adf3-a3906ffe2a52.sock
# environment
VSCODE_CWD = /home/stuart
# environment
WINDOWPATH = 2
# default
MAKE_COMMAND := make
# environment
QT_ACCESSIBILITY = 1
# automatic
@D = $(patsubst %/,%,$(dir $@))
# environment
VSCODE_HANDLES_UNCAUGHT_ERRORS = true
# default
.VARIABLES := 
# environment
PWD = /home/stuart/Documents/CaveSurvey
# automatic
%D = $(patsubst %/,%,$(dir $%))
# environment
LSCOLORS = Gxfxcxdxbxegedabagacad
# environment
XDG_DATA_DIRS = /usr/share/ubuntu:/usr/local/share/:/usr/share/:/var/lib/snapd/desktop
# environment
OLDPWD = /home/stuart
# automatic
^D = $(patsubst %/,%,$(dir $^))
# environment
VSCODE_LOG_STACK = false
# automatic
%F = $(notdir $%)
# environment
VSCODE_CODE_CACHE_PATH = /home/stuart/.config/Code/CachedData/899d46d82c4c95423fb7e10e68eba52050e30ba3
# environment
KIGITHUB = https://github.com/KiCad
# environment
LANG = C
# environment
XAUTHORITY = /run/user/1000/gdm/Xauthority
# default
.LOADED := 
# default
.INCLUDE_DIRS = /usr/local/include /usr/include /usr/include
# makefile
MAKEFLAGS = pqrR
# environment
KICAD_PATH = /usr/share/kicad
# makefile
CURDIR := /home/stuart/Documents/CaveSurvey
# environment
VSCODE_PIPE_LOGGING = true
# environment
APPLICATION_INSIGHTS_NO_DIAGNOSTIC_CHANNEL = true
# automatic
*D = $(patsubst %/,%,$(dir $*))
# environment
MFLAGS = -pqrR
# environment
 
SSH_AUTH_SOCK = /run/user/1000/keyring/ssh
# default
.SHELLFLAGS := -c
# environment
XDG_CONFIG_DIRS = /etc/xdg/xdg-ubuntu:/etc/xdg
# automatic
+D = $(patsubst %/,%,$(dir $+))
# environment
VSCODE_CRASH_REPORTER_START_OPTIONS = {"companyName":"Microsoft","productName":"VSCode","submitURL":"appcenter://code?aid=fba07a4d-84bd-4fc8-a125-9640fc8ce171&uid=8b0557a3-b48d-42aa-b22e-f3cd06c00e6c&iid=8b0557a3-b48d-42aa-b22e-f3cd06c00e6c&sid=8b0557a3-b48d-42aa-b22e-f3cd06c00e6c","uploadToServer":true}
# environment
XDG_SESSION_DESKTOP = ubuntu
# makefile (from 'makefile', line 1)
MAKEFILE_LIST := makefile
# automatic
@F = $(notdir $@)
# environment
ZSH = /home/stuart/.oh-my-zsh
# environment
VSCODE_VERBOSE_LOGGING = true
# environment
VSCODE_PID = 3731
# environment
XDG_SESSION_TYPE = x11
# automatic
?D = $(patsubst %/,%,$(dir $?))
# environment
SESSION_MANAGER = local/stuarts-big-boy:@/tmp/.ICE-unix/2111,unix/stuarts-big-boy:/tmp/.ICE-unix/2111
# automatic
*F = $(notdir $*)
# environment
CHROME_DESKTOP = code-url-handler.desktop
# environment
DBUS_SESSION_BUS_ADDRESS = unix:path=/run/user/1000/bus
# automatic
<D = $(patsubst %/,%,$(dir $<))
# environment
VSCODE_NLS_CONFIG = {"locale":"en-gb","availableLanguages":{},"_languagePackSupport":true}
# makefile (from 'makefile', line 6)
INCLUDE := include
# environment
BREAKPAD_DUMP_LOCATION = /home/stuart/.config/Code/exthost Crash Reports
# default
MAKE_HOST := x86_64-pc-linux-gnu
# environment
GNOME_DESKTOP_SESSION_ID = this-is-deprecated
# makefile
SHELL = /bin/sh
# default
MAKECMDGOALS := all
# environment
PLATFORMIO_CALLER = vscode
# environment
XMODIFIERS = @im=ibus
# environment
GJS_DEBUG_TOPICS = JS ERROR;JS LOG
# environment
SHLVL = 0
# environment
MAKELEVEL := 0
# default
MAKE = $(MAKE_COMMAND)
# environment
PATH = /home/stuart/.local/bin:/home/stuart/.local/bin:/usr/local/sbin:/usr/local/bin:/usr/sbin:/usr/bin:/sbin:/bin:/usr/games:/usr/local/games:/snap/bin:/snap/bin:/usr/local/go/bin
# default
MAKEFILES := 
# environment
LANGUAGE = en_CA:en
# automatic
^F = $(notdir $^)
# environment
INVOCATION_ID = 827e0884afa9405c8a59d9de0a891333
# environment
VSCODE_LOG_NATIVE = false
# environment
USERNAME = stuart
# automatic
?F = $(notdir $?)
# environment
NO_PROXY = 127.0.0.1
# environment
XDG_CURRENT_DESKTOP = Unity
# environment
LS_COLORS = 
# automatic
+F = $(notdir $+)
# environment
LESS = -R
# environment
DESKTOP_SESSION = ubuntu
# environment
ORIGINAL_XDG_CURRENT_DESKTOP = ubuntu:GNOME
# 'override' directive
GNUMAKEFLAGS := 
# environment
LOGNAME = stuart
# environment
GIO_LAUNCHED_DESKTOP_FILE = /usr/share/applications/code.desktop
# environment
PLATFORMIO_PATH = /home/stuart/.platformio/penv/bin:/home/stuart/.platformio/penv:/home/stuart/.platformio/python3/bin:/home/stuart/.local/bin:/home/stuart/.local/bin:/usr/local/sbin:/usr/local/bin:/usr/sbin:/usr/bin:/sbin:/bin:/usr/games:/usr/local/games:/snap/bin:/snap/bin:/usr/local/go/bin
# makefile
.DEFAULT_GOAL := all
# environment
DISPLAY = :1
# environment
USER = stuart
# environment
GTK_MODULES = gail:atk-bridge
# default
MAKE_VERSION := 4.3
# environment
MANAGERPID = 1871
# makefile (from 'makefile', line 9)
EXECUTABLE := CaveSurvey
# environment
GIO_LAUNCHED_DESKTOP_FILE_PID = 3731
# makefile (from 'makefile', line 2)
CXX_FLAGS := -std=c++17 -ggdb -fPIC -O2
# environment
PAGER = less
# environment
_ = /usr/share/code/code
# makefile (from 'makefile', line 4)
BIN := bin
# environment
XDG_RUNTIME_DIR = /run/user/1000
# environment
GPG_AGENT_INFO = /run/user/1000/gnupg/S.gpg-agent:0:1
# environment
JOURNAL_STREAM = 8:26432
# environment
XDG_SESSION_CLASS = user
# makefile (from 'makefile', line 8)
LIBRARIES := 
# environment
VSCODE_AMD_ENTRYPOINT = vs/workbench/services/extensions/node/extensionHostProcess
# environment
PLATFORMIO_IDE = 2.4.0
# environment
HOME = /home/stuart
# environment
QT_IM_MODULE = ibus
# environment
ELECTRON_RUN_AS_NODE = 1
# environment
VSCODE_IPC_HOOK = /run/user/1000/vscode-0745a8ed-1.63.2-main.sock
# environment
DEFAULT_USER = stuart
# environment
IM_CONFIG_PHASE = 1
# default
.RECIPEPREFIX := 
# automatic
<F = $(notdir $<)
# makefile (from 'makefile', line 10)
SHAREDLIB := _PHD_Lib.so
# default
SUFFIXES := 
# default
.FEATURES := target-specific order-only second-expansion else-if shortest-stem undefine oneshell nocomment grouped-target extra-prereqs archives jobserver output-sync check-symlink load
# makefile (from 'makefile', line 1)
CXX := g++
# environment
XDG_MENU_PREFIX = gnome-
# environment
GDMSESSION = ubuntu
# variable set hash-table stats:
# Load=118/1024=12%, Rehash=0, Collisions=11/169=7%

# Pattern-specific Variable Values

# No pattern-specific variable values.

# Directories

# src (device 66306, inode 14549978): 11 files, no impossibilities.
# . (device 66306, inode 10751991): 19 files, no impossibilities.

# 30 files, no impossibilities in 2 directories.

# Implicit Rules

# No implicit rules.

# Files

exec: bin/CaveSurvey
#  Implicit rule search has not been done.
#  Modification time never checked.
#  File has not been updated.

# Not a target:
src/surveyPlot.cpp:
#  Implicit rule search has been done.
#  Last modified 2021-12-30 18:46:11.961849043
#  File has been updated.
#  Successfully updated.

# Not a target:
src/Shot.cpp:
#  Implicit rule search has been done.
#  Last modified 2022-01-02 11:47:34.885582083
#  File has been updated.
#  Successfully updated.

# Not a target:
src/dataFun.cpp:
#  Implicit rule search has been done.
#  Last modified 2022-01-02 16:12:34.231463612
#  File has been updated.
#  Successfully updated.

# Not a target:
src/blenderOutputs.cpp:
#  Implicit rule search has been done.
#  Last modified 2022-01-02 19:48:13.540230231
#  File has been updated.
#  Successfully updated.

# Not a target:
src/Station.cpp:
#  Implicit rule search has been done.
#  Last modified 2022-01-02 16:24:20.03379769
#  File has been updated.
#  Successfully updated.

lib: bin/_PHD_Lib.so
#  Implicit rule search has not been done.
#  Modification time never checked.
#  File has not been updated.

# Not a target:
src/main.cpp:
#  Implicit rule search has been done.
#  Last modified 2022-01-02 18:02:40.62669696
#  File has been updated.
#  Successfully updated.

clean:
#  Implicit rule search has not been done.
#  Modification time never checked.
#  File has not been updated.
#  recipe to execute (from 'makefile', line 31):
	-rm $(BIN)/*

bin/_PHD_Lib.so: src/Shot.cpp src/Splay.cpp src/Station.cpp src/blenderOutputs.cpp src/dataFun.cpp src/main.cpp src/surveyPlot.cpp src/svgMap.cpp src/userInterface.cpp
#  Implicit rule search has not been done.
#  Last modified 2022-01-02 20:03:50.598410065
#  File has been updated.
#  Successfully updated.
#  recipe to execute (from 'makefile', line 28):
	$(CXX) $(CXX_FLAGS) -I$(INCLUDE) $^ -o $@ $(LIBRARIES) -shared

# Not a target:
src/Splay.cpp:
#  Implicit rule search has been done.
#  Last modified 2022-01-02 16:08:53.177290121
#  File has been updated.
#  Successfully updated.

# Not a target:
.DEFAULT:
#  Implicit rule search has not been done.
#  Modification time never checked.
#  File has not been updated.

all: bin/_PHD_Lib.so bin/CaveSurvey
#  Command line target.
#  Implicit rule search has been done.
#  File does not exist.
#  File has been updated.
#  Needs to be updated (-q is set).
# variable set hash-table stats:
# Load=0/32=0%, Rehash=0, Collisions=0/7=0%

run: clean all
#  Implicit rule search has not been done.
#  Modification time never checked.
#  File has not been updated.
#  recipe to execute (from 'makefile', line 21):
	clear
	./$(BIN)/$(EXECUTABLE)

# Not a target:
src/userInterface.cpp:
#  Implicit rule search has been done.
#  Last modified 2022-01-02 20:03:40.523050769
#  File has been updated.
#  Successfully updated.

# Not a target:
makefile:
#  Implicit rule search has been done.
#  Last modified 2022-01-02 20:04:09.389316766
#  File has been updated.
#  Successfully updated.

# Not a target:
src/svgMap.cpp:
#  Implicit rule search has been done.
#  Last modified 2021-12-30 18:46:11.961849043
#  File has been updated.
#  Successfully updated.

# Not a target:
.SUFFIXES:
#  Implicit rule search has not been done.
 
#  Modification time never checked.
#  File has not been updated.

bin/CaveSurvey: src/Shot.cpp src/Splay.cpp src/Station.cpp src/blenderOutputs.cpp src/dataFun.cpp src/main.cpp src/surveyPlot.cpp src/svgMap.cpp src/userInterface.cpp
#  Implicit rule search has not been done.
#  Implicit/static pattern stem: ''
#  Last modified 2022-01-02 19:49:02.995242684
#  File has been updated.
#  Needs to be updated (-q is set).
# automatic
# @ := bin/CaveSurvey
# automatic
# * := 
# automatic
# < := src/Shot.cpp
# automatic
# + := src/Shot.cpp src/Splay.cpp src/Station.cpp src/blenderOutputs.cpp src/dataFun.cpp src/main.cpp src/surveyPlot.cpp src/svgMap.cpp src/userInterface.cpp
# automatic
# % := 
# automatic
# ^ := src/Shot.cpp src/Splay.cpp src/Station.cpp src/blenderOutputs.cpp src/dataFun.cpp src/main.cpp src/surveyPlot.cpp src/svgMap.cpp src/userInterface.cpp
# automatic
# ? := src/userInterface.cpp
# automatic
# | := 
# variable set hash-table stats:
# Load=8/32=25%, Rehash=0, Collisions=6/17=35%
#  recipe to execute (from 'makefile', line 25):
	$(CXX) $(CXX_FLAGS) -I$(INCLUDE) $^ -o $@ $(LIBRARIES)

# files hash-table stats:
# Load=19/1024=2%, Rehash=0, Collisions=1/58=2%
# VPATH Search Paths

# No 'vpath' search paths.

# No general ('VPATH' variable) search path.

# strcache buffers: 1 (0) / strings = 48 / storage = 522 B / avg = 10 B
# current buf: size = 8162 B / used = 522 B / count = 48 / avg = 10 B

# strcache performance: lookups = 79 / hit rate = 39%
# hash-table stats:
# Load=48/8192=1%, Rehash=0, Collisions=0/79=0%
# Finished Make data base on Sun Jan  2 20:04:23 2022

 
